Build started 2/21/2014 6:34:41 PM.
     1>Project "C:\dev\chat\wsClientF\wsClientF\wsClientF.vcxproj" on node 2 (build target(s)).
     1>PrepareForBuild:
         Creating directory "C:\dev\chat\wsClientF\Debug\".
       InitializeBuildStatus:
         Creating "Debug\wsClientF.unsuccessfulbuild" because "AlwaysCreate" was specified.
       ClCompile:
         C:\Program Files (x86)\Microsoft Visual Studio 10.0\VC\bin\CL.exe /c /ZI /nologo /W3 /WX- /Od /Oy- /D _MBCS /Gm /EHsc /RTC1 /MDd /GS /fp:precise /Zc:wchar_t /Zc:forScope /Fo"Debug\\" /Fd"Debug\vc100.pdb" /Gd /TP /analyze- /errorReport:prompt clientModule.cpp main.cpp
         main.cpp
         clientModule.cpp
         Generating Code...
       Link:
         C:\Program Files (x86)\Microsoft Visual Studio 10.0\VC\bin\link.exe /ERRORREPORT:PROMPT /OUT:"C:\dev\chat\wsClientF\Debug\wsClientF.exe" /NOLOGO kernel32.lib user32.lib gdi32.lib winspool.lib comdlg32.lib advapi32.lib shell32.lib ole32.lib oleaut32.lib uuid.lib odbc32.lib odbccp32.lib /MANIFEST /ManifestFile:"Debug\wsClientF.exe.intermediate.manifest" /MANIFESTUAC:"level='asInvoker' uiAccess='false'" /DEBUG /PDB:"C:\dev\chat\wsClientF\Debug\wsClientF.pdb" /TLBID:1 /DYNAMICBASE /NXCOMPAT /IMPLIB:"C:\dev\chat\wsClientF\Debug\wsClientF.lib" /MACHINE:X86 Debug\clientModule.obj
         Debug\main.obj
         wsClientF.vcxproj -> C:\dev\chat\wsClientF\Debug\wsClientF.exe
       Manifest:
         C:\Program Files (x86)\Microsoft SDKs\Windows\v7.0A\bin\mt.exe /nologo /verbose /outputresource:"C:\dev\chat\wsClientF\Debug\wsClientF.exe;#1" /manifest Debug\wsClientF.exe.intermediate.manifest
       FinalizeBuildStatus:
         Deleting file "Debug\wsClientF.unsuccessfulbuild".
         Touching "Debug\wsClientF.lastbuildstate".
     1>Done Building Project "C:\dev\chat\wsClientF\wsClientF\wsClientF.vcxproj" (build target(s)).

Build succeeded.

Time Elapsed 00:00:01.94
